[debug] [2020-10-28T09:32:34.436Z] ----------------------------------------------------------------------
[debug] [2020-10-28T09:32:34.439Z] Command:       C:\Program Files\nodejs\node.exe C:\Users\ACER\AppData\Roaming\npm\node_modules\firebase-tools\lib\bin\firebase.js emulators:start
[debug] [2020-10-28T09:32:34.439Z] CLI Version:   8.13.1
[debug] [2020-10-28T09:32:34.439Z] Platform:      win32
[debug] [2020-10-28T09:32:34.439Z] Node Version:  v12.19.0
[debug] [2020-10-28T09:32:34.442Z] Time:          Wed Oct 28 2020 15:02:34 GMT+0530 (India Standard Time)
[debug] [2020-10-28T09:32:34.443Z] ----------------------------------------------------------------------
[debug] [2020-10-28T09:32:34.443Z] 
[debug] [2020-10-28T09:32:34.454Z] > command requires scopes: ["email","openid","https://www.googleapis.com/auth/cloudplatformprojects.readonly","https://www.googleapis.com/auth/firebase","https://www.googleapis.com/auth/cloud-platform"]
[debug] [2020-10-28T09:32:34.454Z] > authorizing via signed-in user
[info] i  emulators: Starting emulators: functions, hosting {"metadata":{"emulator":{"name":"hub"},"message":"Starting emulators: functions, hosting"}}
[warn] !  emulators: It seems that you are running multiple instances of the emulator suite for project galaxy-79390. This may result in unexpected behavior. 
[debug] [2020-10-28T09:32:34.556Z] [hub] writing locator at C:\Users\ACER\AppData\Local\Temp\hub-galaxy-79390.json
[warn] !  functions: The following emulators are not running, calls to these services from the Functions emulator will affect production: auth, firestore, database, pubsub {"metadata":{"emulator":{"name":"functions"},"message":"The following emulators are not running, calls to these services from the Functions emulator will affect production: \u001b[1mauth, firestore, database, pubsub\u001b[22m"}}
[info] +  functions: Using node@12 from host. {"metadata":{"emulator":{"name":"functions"},"message":"Using node@12 from host."}}
[debug] [2020-10-28T09:32:34.661Z] defaultcredentials: writing to file C:\Users\ACER\AppData\Roaming\firebase\bpsshanuka_gmail_com_application_default_credentials.json
[debug] [2020-10-28T09:32:34.665Z] Setting GAC to C:\Users\ACER\AppData\Roaming\firebase\bpsshanuka_gmail_com_application_default_credentials.json {"metadata":{"emulator":{"name":"functions"},"message":"Setting GAC to C:\\Users\\ACER\\AppData\\Roaming\\firebase\\bpsshanuka_gmail_com_application_default_credentials.json"}}
[debug] [2020-10-28T09:32:34.717Z] > refreshing access token with scopes: ["email","https://www.googleapis.com/auth/cloud-platform","https://www.googleapis.com/auth/cloudplatformprojects.readonly","https://www.googleapis.com/auth/firebase","openid"]
[debug] [2020-10-28T09:32:34.718Z] >>> HTTP REQUEST POST https://www.googleapis.com/oauth2/v3/token  
 <request body omitted>
[debug] [2020-10-28T09:32:35.076Z] <<< HTTP RESPONSE 200 {"cache-control":"no-cache, no-store, max-age=0, must-revalidate","date":"Wed, 28 Oct 2020 09:32:36 GMT","pragma":"no-cache","expires":"Mon, 01 Jan 1990 00:00:00 GMT","content-type":"application/json; charset=utf-8","vary":"X-Origin, Referer, Origin,Accept-Encoding","server":"scaffolding on HTTPServer2","x-xss-protection":"0","x-frame-options":"SAMEORIGIN","x-content-type-options":"nosniff","alt-svc":"h3-Q050=\":443\"; ma=2592000,h3-29=\":443\"; ma=2592000,h3-T051=\":443\"; ma=2592000,h3-T050=\":443\"; ma=2592000,h3-Q046=\":443\"; ma=2592000,h3-Q043=\":443\"; ma=2592000,quic=\":443\"; ma=2592000; v=\"46,43\"","accept-ranges":"none","transfer-encoding":"chunked"}
[debug] [2020-10-28T09:32:35.085Z] >>> HTTP REQUEST GET https://firebase.googleapis.com/v1beta1/projects/galaxy-79390/webApps/-/config  
 
[debug] [2020-10-28T09:32:36.597Z] <<< HTTP RESPONSE 200 {"content-type":"application/json; charset=UTF-8","vary":"X-Origin, Referer, Origin,Accept-Encoding","date":"Wed, 28 Oct 2020 09:32:37 GMT","server":"ESF","cache-control":"private","x-xss-protection":"0","x-frame-options":"SAMEORIGIN","x-content-type-options":"nosniff","alt-svc":"h3-Q050=\":443\"; ma=2592000,h3-29=\":443\"; ma=2592000,h3-T051=\":443\"; ma=2592000,h3-T050=\":443\"; ma=2592000,h3-Q046=\":443\"; ma=2592000,h3-Q043=\":443\"; ma=2592000,quic=\":443\"; ma=2592000; v=\"46,43\"","accept-ranges":"none","transfer-encoding":"chunked"}
[info] i  hosting: Serving hosting files from: build {"metadata":{"emulator":{"name":"hosting"},"message":"Serving hosting files from: \u001b[1mbuild\u001b[22m"}}
[info] +  hosting: Local server: http://localhost:5000 {"metadata":{"emulator":{"name":"hosting"},"message":"Local server: \u001b[4m\u001b[1mhttp://localhost:5000\u001b[22m\u001b[24m"}}
[warn] !  ui: Emulator UI unable to start on port 4000, starting on 4001 instead. {"metadata":{"emulator":{"name":"ui"},"message":"Emulator UI unable to start on port 4000, starting on 4001 instead."}}
[debug] [2020-10-28T09:32:36.947Z] Ignoring unsupported arg: auto_download {"metadata":{"emulator":{"name":"ui"},"message":"Ignoring unsupported arg: auto_download"}}
[debug] [2020-10-28T09:32:36.948Z] Ignoring unsupported arg: port {"metadata":{"emulator":{"name":"ui"},"message":"Ignoring unsupported arg: port"}}
[debug] [2020-10-28T09:32:36.948Z] Starting Emulator UI with command {"binary":"node","args":["C:\\Users\\ACER\\.cache\\firebase\\emulators\\ui-v1.1.1\\server.bundle.js"],"optionalArgs":[],"joinArgs":false} {"metadata":{"emulator":{"name":"ui"},"message":"Starting Emulator UI with command {\"binary\":\"node\",\"args\":[\"C:\\\\Users\\\\ACER\\\\.cache\\\\firebase\\\\emulators\\\\ui-v1.1.1\\\\server.bundle.js\"],\"optionalArgs\":[],\"joinArgs\":false}"}}
[info] i  ui: Emulator UI logging to ui-debug.log {"metadata":{"emulator":{"name":"ui"},"message":"Emulator UI logging to \u001b[1mui-debug.log\u001b[22m"}}
[debug] [2020-10-28T09:32:37.447Z] Web / API server started at http://localhost:4001
 {"metadata":{"emulator":{"name":"ui"},"message":"Web / API server started at http://localhost:4001\n"}}
[info] i  functions: Watching "D:\react\galaxy\functions" for Cloud Functions... {"metadata":{"emulator":{"name":"functions"},"message":"Watching \"D:\\react\\galaxy\\functions\" for Cloud Functions..."}}
[debug] [2020-10-28T09:32:37.659Z] [worker-pool] addWorker(~diagnostic~) {"metadata":{"emulator":{"name":"functions"},"message":"[worker-pool] addWorker(~diagnostic~)"}}
[debug] [2020-10-28T09:32:37.659Z] [worker-pool] Adding worker with key ~diagnostic~, total=1 {"metadata":{"emulator":{"name":"functions"},"message":"[worker-pool] Adding worker with key ~diagnostic~, total=1"}}
[debug] [2020-10-28T09:32:37.660Z] [worker-pool] submitWork(triggerId=) {"metadata":{"emulator":{"name":"functions"},"message":"[worker-pool] submitWork(triggerId=)"}}
[debug] [2020-10-28T09:32:37.661Z] [worker-~diagnostic~-254e40b2-445c-4cfb-a8a3-07e750a8549b]: Assigning socketPath: \\?\pipe\D:\react\galaxy\functions\708 {"metadata":{"emulator":{"name":"functions"},"message":"[worker-~diagnostic~-254e40b2-445c-4cfb-a8a3-07e750a8549b]: Assigning socketPath: \\\\?\\pipe\\D:\\react\\galaxy\\functions\\708"}}
[debug] [2020-10-28T09:32:37.661Z] [worker-~diagnostic~-254e40b2-445c-4cfb-a8a3-07e750a8549b]: BUSY {"metadata":{"emulator":{"name":"functions"},"message":"[worker-~diagnostic~-254e40b2-445c-4cfb-a8a3-07e750a8549b]: BUSY"}}
[debug] [2020-10-28T09:32:39.299Z] [runtime-status] [708] Functions runtime initialized. {"cwd":"D:\\react\\galaxy\\functions","node_version":"12.19.0"} {"metadata":{"emulator":{"name":"functions"},"message":"[runtime-status] [708] Functions runtime initialized. {\"cwd\":\"D:\\\\react\\\\galaxy\\\\functions\",\"node_version\":\"12.19.0\"}"}}
[debug] [2020-10-28T09:32:39.301Z] [runtime-status] [708] Disabled runtime features: undefined {"metadata":{"emulator":{"name":"functions"},"message":"[runtime-status] [708] Disabled runtime features: undefined"}}
[debug] [2020-10-28T09:32:39.307Z] [runtime-status] [708] Resolved module firebase-admin {"declared":true,"installed":true,"version":"9.3.0","resolution":"D:\\react\\galaxy\\functions\\node_modules\\firebase-admin\\lib\\index.js"} {"metadata":{"emulator":{"name":"functions"},"message":"[runtime-status] [708] Resolved module firebase-admin {\"declared\":true,\"installed\":true,\"version\":\"9.3.0\",\"resolution\":\"D:\\\\react\\\\galaxy\\\\functions\\\\node_modules\\\\firebase-admin\\\\lib\\\\index.js\"}"}}
[debug] [2020-10-28T09:32:39.313Z] [runtime-status] [708] Resolved module firebase-functions {"declared":true,"installed":true,"version":"3.11.0","resolution":"D:\\react\\galaxy\\functions\\node_modules\\firebase-functions\\lib\\index.js"} {"metadata":{"emulator":{"name":"functions"},"message":"[runtime-status] [708] Resolved module firebase-functions {\"declared\":true,\"installed\":true,\"version\":\"3.11.0\",\"resolution\":\"D:\\\\react\\\\galaxy\\\\functions\\\\node_modules\\\\firebase-functions\\\\lib\\\\index.js\"}"}}
[debug] [2020-10-28T09:32:39.322Z] [runtime-status] [708] Resolved module firebase-functions {"declared":true,"installed":true,"version":"3.11.0","resolution":"D:\\react\\galaxy\\functions\\node_modules\\firebase-functions\\lib\\index.js"} {"metadata":{"emulator":{"name":"functions"},"message":"[runtime-status] [708] Resolved module firebase-functions {\"declared\":true,\"installed\":true,\"version\":\"3.11.0\",\"resolution\":\"D:\\\\react\\\\galaxy\\\\functions\\\\node_modules\\\\firebase-functions\\\\lib\\\\index.js\"}"}}
[debug] [2020-10-28T09:32:39.324Z] [runtime-status] [708] Outgoing network have been stubbed. [{"name":"http","status":"mocked"},{"name":"http","status":"mocked"},{"name":"https","status":"mocked"},{"name":"https","status":"mocked"},{"name":"net","status":"mocked"}] {"metadata":{"emulator":{"name":"functions"},"message":"[runtime-status] [708] Outgoing network have been stubbed. [{\"name\":\"http\",\"status\":\"mocked\"},{\"name\":\"http\",\"status\":\"mocked\"},{\"name\":\"https\",\"status\":\"mocked\"},{\"name\":\"https\",\"status\":\"mocked\"},{\"name\":\"net\",\"status\":\"mocked\"}]"}}
[debug] [2020-10-28T09:32:39.326Z] [runtime-status] [708] Resolved module firebase-functions {"declared":true,"installed":true,"version":"3.11.0","resolution":"D:\\react\\galaxy\\functions\\node_modules\\firebase-functions\\lib\\index.js"} {"metadata":{"emulator":{"name":"functions"},"message":"[runtime-status] [708] Resolved module firebase-functions {\"declared\":true,\"installed\":true,\"version\":\"3.11.0\",\"resolution\":\"D:\\\\react\\\\galaxy\\\\functions\\\\node_modules\\\\firebase-functions\\\\lib\\\\index.js\"}"}}
[debug] [2020-10-28T09:32:39.441Z] [runtime-status] [708] Checked functions.config() {"config":{}} {"metadata":{"emulator":{"name":"functions"},"message":"[runtime-status] [708] Checked functions.config() {\"config\":{}}"}}
[debug] [2020-10-28T09:32:39.442Z] [runtime-status] [708] firebase-functions has been stubbed. {"functionsResolution":{"declared":true,"installed":true,"version":"3.11.0","resolution":"D:\\react\\galaxy\\functions\\node_modules\\firebase-functions\\lib\\index.js"}} {"metadata":{"emulator":{"name":"functions"},"message":"[runtime-status] [708] firebase-functions has been stubbed. {\"functionsResolution\":{\"declared\":true,\"installed\":true,\"version\":\"3.11.0\",\"resolution\":\"D:\\\\react\\\\galaxy\\\\functions\\\\node_modules\\\\firebase-functions\\\\lib\\\\index.js\"}}"}}
[debug] [2020-10-28T09:32:39.444Z] [runtime-status] [708] Resolved module firebase-functions {"declared":true,"installed":true,"version":"3.11.0","resolution":"D:\\react\\galaxy\\functions\\node_modules\\firebase-functions\\lib\\index.js"} {"metadata":{"emulator":{"name":"functions"},"message":"[runtime-status] [708] Resolved module firebase-functions {\"declared\":true,\"installed\":true,\"version\":\"3.11.0\",\"resolution\":\"D:\\\\react\\\\galaxy\\\\functions\\\\node_modules\\\\firebase-functions\\\\lib\\\\index.js\"}"}}
[debug] [2020-10-28T09:32:39.449Z] [runtime-status] [708] Resolved module firebase-admin {"declared":true,"installed":true,"version":"9.3.0","resolution":"D:\\react\\galaxy\\functions\\node_modules\\firebase-admin\\lib\\index.js"} {"metadata":{"emulator":{"name":"functions"},"message":"[runtime-status] [708] Resolved module firebase-admin {\"declared\":true,\"installed\":true,\"version\":\"9.3.0\",\"resolution\":\"D:\\\\react\\\\galaxy\\\\functions\\\\node_modules\\\\firebase-admin\\\\lib\\\\index.js\"}"}}
[debug] [2020-10-28T09:32:39.450Z] [runtime-status] [708] Resolved module firebase-functions {"declared":true,"installed":true,"version":"3.11.0","resolution":"D:\\react\\galaxy\\functions\\node_modules\\firebase-functions\\lib\\index.js"} {"metadata":{"emulator":{"name":"functions"},"message":"[runtime-status] [708] Resolved module firebase-functions {\"declared\":true,\"installed\":true,\"version\":\"3.11.0\",\"resolution\":\"D:\\\\react\\\\galaxy\\\\functions\\\\node_modules\\\\firebase-functions\\\\lib\\\\index.js\"}"}}
[debug] [2020-10-28T09:32:39.451Z] [runtime-status] [708] firebase-admin has been stubbed. {"adminResolution":{"declared":true,"installed":true,"version":"9.3.0","resolution":"D:\\react\\galaxy\\functions\\node_modules\\firebase-admin\\lib\\index.js"}} {"metadata":{"emulator":{"name":"functions"},"message":"[runtime-status] [708] firebase-admin has been stubbed. {\"adminResolution\":{\"declared\":true,\"installed\":true,\"version\":\"9.3.0\",\"resolution\":\"D:\\\\react\\\\galaxy\\\\functions\\\\node_modules\\\\firebase-admin\\\\lib\\\\index.js\"}}"}}
[info] +  functions[api]: http function initialized (http://localhost:5001/galaxy-79390/us-central1/api). {"metadata":{"emulator":{"name":"functions"},"message":"\u001b[1mhttp\u001b[22m function initialized (http://localhost:5001/galaxy-79390/us-central1/api)."}}
[info] 
┌───────────────────────────────────────────────────────────────────────┐
│ ✔  All emulators ready! View status and logs at http://localhost:4001 │
└───────────────────────────────────────────────────────────────────────┘

┌───────────┬────────────────┬─────────────────────────────────┐
│ Emulator  │ Host:Port      │ View in Emulator UI             │
├───────────┼────────────────┼─────────────────────────────────┤
│ Functions │ localhost:5001 │ http://localhost:4001/functions │
├───────────┼────────────────┼─────────────────────────────────┤
│ Hosting   │ localhost:5000 │ n/a                             │
└───────────┴────────────────┴─────────────────────────────────┘
  Other reserved ports: 4400, 4500

Issues? Report them at https://github.com/firebase/firebase-tools/issues and attach the *-debug.log files.
 
[debug] [2020-10-28T09:32:40.524Z] [worker-~diagnostic~-254e40b2-445c-4cfb-a8a3-07e750a8549b]: IDLE {"metadata":{"emulator":{"name":"functions"},"message":"[worker-~diagnostic~-254e40b2-445c-4cfb-a8a3-07e750a8549b]: IDLE"}}
[debug] [2020-10-28T09:32:54.002Z] [work-queue] {"queueLength":1,"workRunningCount":0}
[debug] [2020-10-28T09:32:54.003Z] [work-queue] {"queueLength":0,"workRunningCount":1}
[debug] [2020-10-28T09:32:54.004Z] Accepted request POST /galaxy-79390/us-central1/api/payments/create?total=4000 --> api
[debug] [2020-10-28T09:32:54.019Z] [worker-pool] addWorker(api) {"metadata":{"emulator":{"name":"functions"},"message":"[worker-pool] addWorker(api)"}}
[debug] [2020-10-28T09:32:54.020Z] [worker-pool] Adding worker with key api, total=1 {"metadata":{"emulator":{"name":"functions"},"message":"[worker-pool] Adding worker with key api, total=1"}}
[debug] [2020-10-28T09:32:54.021Z] [worker-pool] submitWork(triggerId=api) {"metadata":{"emulator":{"name":"functions"},"message":"[worker-pool] submitWork(triggerId=api)"}}
[debug] [2020-10-28T09:32:54.021Z] [worker-api-5ac76385-3df1-4bb7-8343-7d3847da93c6]: Assigning socketPath: \\?\pipe\D:\react\galaxy\functions\13476 {"metadata":{"emulator":{"name":"functions"},"message":"[worker-api-5ac76385-3df1-4bb7-8343-7d3847da93c6]: Assigning socketPath: \\\\?\\pipe\\D:\\react\\galaxy\\functions\\13476"}}
[debug] [2020-10-28T09:32:54.022Z] [worker-api-5ac76385-3df1-4bb7-8343-7d3847da93c6]: BUSY {"metadata":{"emulator":{"name":"functions"},"message":"[worker-api-5ac76385-3df1-4bb7-8343-7d3847da93c6]: BUSY"}}
[debug] [2020-10-28T09:32:54.592Z] [runtime-status] [13476] Functions runtime initialized. {"cwd":"D:\\react\\galaxy\\functions","node_version":"12.19.0"} {"metadata":{"emulator":{"name":"functions"},"function":{"name":"api"},"message":"[runtime-status] [13476] Functions runtime initialized. {\"cwd\":\"D:\\\\react\\\\galaxy\\\\functions\",\"node_version\":\"12.19.0\"}"}}
[debug] [2020-10-28T09:32:54.598Z] [runtime-status] [13476] Disabled runtime features: undefined {"metadata":{"emulator":{"name":"functions"},"function":{"name":"api"},"message":"[runtime-status] [13476] Disabled runtime features: undefined"}}
[debug] [2020-10-28T09:32:54.606Z] [runtime-status] [13476] Resolved module firebase-admin {"declared":true,"installed":true,"version":"9.3.0","resolution":"D:\\react\\galaxy\\functions\\node_modules\\firebase-admin\\lib\\index.js"} {"metadata":{"emulator":{"name":"functions"},"function":{"name":"api"},"message":"[runtime-status] [13476] Resolved module firebase-admin {\"declared\":true,\"installed\":true,\"version\":\"9.3.0\",\"resolution\":\"D:\\\\react\\\\galaxy\\\\functions\\\\node_modules\\\\firebase-admin\\\\lib\\\\index.js\"}"}}
[debug] [2020-10-28T09:32:54.608Z] [runtime-status] [13476] Resolved module firebase-functions {"declared":true,"installed":true,"version":"3.11.0","resolution":"D:\\react\\galaxy\\functions\\node_modules\\firebase-functions\\lib\\index.js"} {"metadata":{"emulator":{"name":"functions"},"function":{"name":"api"},"message":"[runtime-status] [13476] Resolved module firebase-functions {\"declared\":true,\"installed\":true,\"version\":\"3.11.0\",\"resolution\":\"D:\\\\react\\\\galaxy\\\\functions\\\\node_modules\\\\firebase-functions\\\\lib\\\\index.js\"}"}}
[debug] [2020-10-28T09:32:54.609Z] [runtime-status] [13476] Resolved module firebase-functions {"declared":true,"installed":true,"version":"3.11.0","resolution":"D:\\react\\galaxy\\functions\\node_modules\\firebase-functions\\lib\\index.js"} {"metadata":{"emulator":{"name":"functions"},"function":{"name":"api"},"message":"[runtime-status] [13476] Resolved module firebase-functions {\"declared\":true,\"installed\":true,\"version\":\"3.11.0\",\"resolution\":\"D:\\\\react\\\\galaxy\\\\functions\\\\node_modules\\\\firebase-functions\\\\lib\\\\index.js\"}"}}
[debug] [2020-10-28T09:32:54.611Z] [runtime-status] [13476] Outgoing network have been stubbed. [{"name":"http","status":"mocked"},{"name":"http","status":"mocked"},{"name":"https","status":"mocked"},{"name":"https","status":"mocked"},{"name":"net","status":"mocked"}] {"metadata":{"emulator":{"name":"functions"},"function":{"name":"api"},"message":"[runtime-status] [13476] Outgoing network have been stubbed. [{\"name\":\"http\",\"status\":\"mocked\"},{\"name\":\"http\",\"status\":\"mocked\"},{\"name\":\"https\",\"status\":\"mocked\"},{\"name\":\"https\",\"status\":\"mocked\"},{\"name\":\"net\",\"status\":\"mocked\"}]"}}
[debug] [2020-10-28T09:32:54.612Z] [runtime-status] [13476] Resolved module firebase-functions {"declared":true,"installed":true,"version":"3.11.0","resolution":"D:\\react\\galaxy\\functions\\node_modules\\firebase-functions\\lib\\index.js"} {"metadata":{"emulator":{"name":"functions"},"function":{"name":"api"},"message":"[runtime-status] [13476] Resolved module firebase-functions {\"declared\":true,\"installed\":true,\"version\":\"3.11.0\",\"resolution\":\"D:\\\\react\\\\galaxy\\\\functions\\\\node_modules\\\\firebase-functions\\\\lib\\\\index.js\"}"}}
[debug] [2020-10-28T09:32:54.660Z] [runtime-status] [13476] Checked functions.config() {"config":{}} {"metadata":{"emulator":{"name":"functions"},"function":{"name":"api"},"message":"[runtime-status] [13476] Checked functions.config() {\"config\":{}}"}}
[debug] [2020-10-28T09:32:54.660Z] [runtime-status] [13476] firebase-functions has been stubbed. {"functionsResolution":{"declared":true,"installed":true,"version":"3.11.0","resolution":"D:\\react\\galaxy\\functions\\node_modules\\firebase-functions\\lib\\index.js"}} {"metadata":{"emulator":{"name":"functions"},"function":{"name":"api"},"message":"[runtime-status] [13476] firebase-functions has been stubbed. {\"functionsResolution\":{\"declared\":true,\"installed\":true,\"version\":\"3.11.0\",\"resolution\":\"D:\\\\react\\\\galaxy\\\\functions\\\\node_modules\\\\firebase-functions\\\\lib\\\\index.js\"}}"}}
[debug] [2020-10-28T09:32:54.661Z] [runtime-status] [13476] Resolved module firebase-functions {"declared":true,"installed":true,"version":"3.11.0","resolution":"D:\\react\\galaxy\\functions\\node_modules\\firebase-functions\\lib\\index.js"} {"metadata":{"emulator":{"name":"functions"},"function":{"name":"api"},"message":"[runtime-status] [13476] Resolved module firebase-functions {\"declared\":true,\"installed\":true,\"version\":\"3.11.0\",\"resolution\":\"D:\\\\react\\\\galaxy\\\\functions\\\\node_modules\\\\firebase-functions\\\\lib\\\\index.js\"}"}}
[debug] [2020-10-28T09:32:54.662Z] [runtime-status] [13476] Resolved module firebase-admin {"declared":true,"installed":true,"version":"9.3.0","resolution":"D:\\react\\galaxy\\functions\\node_modules\\firebase-admin\\lib\\index.js"} {"metadata":{"emulator":{"name":"functions"},"function":{"name":"api"},"message":"[runtime-status] [13476] Resolved module firebase-admin {\"declared\":true,\"installed\":true,\"version\":\"9.3.0\",\"resolution\":\"D:\\\\react\\\\galaxy\\\\functions\\\\node_modules\\\\firebase-admin\\\\lib\\\\index.js\"}"}}
[debug] [2020-10-28T09:32:54.663Z] [runtime-status] [13476] Resolved module firebase-functions {"declared":true,"installed":true,"version":"3.11.0","resolution":"D:\\react\\galaxy\\functions\\node_modules\\firebase-functions\\lib\\index.js"} {"metadata":{"emulator":{"name":"functions"},"function":{"name":"api"},"message":"[runtime-status] [13476] Resolved module firebase-functions {\"declared\":true,\"installed\":true,\"version\":\"3.11.0\",\"resolution\":\"D:\\\\react\\\\galaxy\\\\functions\\\\node_modules\\\\firebase-functions\\\\lib\\\\index.js\"}"}}
[debug] [2020-10-28T09:32:54.663Z] [runtime-status] [13476] firebase-admin has been stubbed. {"adminResolution":{"declared":true,"installed":true,"version":"9.3.0","resolution":"D:\\react\\galaxy\\functions\\node_modules\\firebase-admin\\lib\\index.js"}} {"metadata":{"emulator":{"name":"functions"},"function":{"name":"api"},"message":"[runtime-status] [13476] firebase-admin has been stubbed. {\"adminResolution\":{\"declared\":true,\"installed\":true,\"version\":\"9.3.0\",\"resolution\":\"D:\\\\react\\\\galaxy\\\\functions\\\\node_modules\\\\firebase-admin\\\\lib\\\\index.js\"}}"}}
[debug] [2020-10-28T09:32:54.855Z] [runtime-status] [13476] Trigger "api" has been found, beginning invocation! {"metadata":{"emulator":{"name":"functions"},"function":{"name":"api"},"message":"[runtime-status] [13476] Trigger \"api\" has been found, beginning invocation!"}}
[info] i  functions: Beginning execution of "api" {"metadata":{"emulator":{"name":"functions"},"function":{"name":"api"},"message":"Beginning execution of \"api\""}}
[debug] [2020-10-28T09:32:54.858Z] [runtime-status] [13476] triggerDefinition {"httpsTrigger":{},"name":"api","entryPoint":"api"} {"metadata":{"emulator":{"name":"functions"},"function":{"name":"api"},"message":"[runtime-status] [13476] triggerDefinition {\"httpsTrigger\":{},\"name\":\"api\",\"entryPoint\":\"api\"}"}}
[debug] [2020-10-28T09:32:54.858Z] [runtime-status] [13476] Running api in mode HTTPS {"metadata":{"emulator":{"name":"functions"},"function":{"name":"api"},"message":"[runtime-status] [13476] Running api in mode HTTPS"}}
[debug] [2020-10-28T09:32:54.864Z] [runtime-status] [13476] Attempting to listen to socketPath: \\?\pipe\D:\react\galaxy\functions\13476 {"metadata":{"emulator":{"name":"functions"},"function":{"name":"api"},"message":"[runtime-status] [13476] Attempting to listen to socketPath: \\\\?\\pipe\\D:\\react\\galaxy\\functions\\13476"}}
[debug] [2020-10-28T09:32:54.867Z] [functions] Runtime ready! Sending request! {"metadata":{"emulator":{"name":"functions"},"message":"[functions] Runtime ready! Sending request!"}}
[debug] [2020-10-28T09:32:54.877Z] [runtime-status] [13476] Ephemeral server handling POST request {"metadata":{"emulator":{"name":"functions"},"function":{"name":"api"},"message":"[runtime-status] [13476] Ephemeral server handling POST request"}}
[info] >  post awa {"user":"post awa","metadata":{"emulator":{"name":"functions"},"function":{"name":"api"},"message":"\u001b[90m> \u001b[39m post awa"}}
[info] >  Payment Request Recived 4000 {"user":"Payment Request Recived 4000","metadata":{"emulator":{"name":"functions"},"function":{"name":"api"},"message":"\u001b[90m> \u001b[39m Payment Request Recived 4000"}}
[debug] [2020-10-28T09:32:54.894Z] [runtime-status] [13476] Ephemeral server survived. {"metadata":{"emulator":{"name":"functions"},"function":{"name":"api"},"message":"[runtime-status] [13476] Ephemeral server survived."}}
[info] i  functions: Finished "api" in ~1s {"metadata":{"emulator":{"name":"functions"},"function":{"name":"api"},"message":"Finished \"api\" in ~1s"}}
[debug] [2020-10-28T09:32:55.782Z] [worker-api-5ac76385-3df1-4bb7-8343-7d3847da93c6]: IDLE {"metadata":{"emulator":{"name":"functions"},"message":"[worker-api-5ac76385-3df1-4bb7-8343-7d3847da93c6]: IDLE"}}
[debug] [2020-10-28T09:32:55.783Z] [work-queue] {"queueLength":0,"workRunningCount":0}
[debug] [2020-10-28T09:40:40.866Z] Received signal SIGHUP 1
